Version : 5.1.4
Date    : 2017-06-20 14:12:36 -0400
Instance: eIMrr6iB (nginx/1.10.3 Phusion_Passenger/5.1.4)

{
   "thread1" : {
      "active_client_count" : 2,
      "active_clients" : {
         "1-6500" : {
            "connected_at" : {
               "local" : "Tue Jun 20 14:12:24 2017",
               "relative" : "12s ago",
               "relative_timestamp" : -12.38369607925415,
               "timestamp" : 1497982344.497694
            },
            "connection_state" : "ACTIVE",
            "current_request" : {
               "app_response_body_already_read" : {
                  "bytes" : 287,
                  "human_readable" : "287 bytes"
               },
               "app_response_body_fully_read" : false,
               "app_response_body_type" : "UPGRADE",
               "app_response_http_major" : 1,
               "app_response_http_minor" : 1,
               "app_response_http_state" : "UPGRADED",
               "app_response_want_keep_alive" : false,
               "app_sink_state" : {
                  "callback_in_progress" : false,
                  "initialized" : true,
                  "io_watcher_active" : false
               },
               "app_source_state" : {
                  "callback_in_progress" : false,
                  "initialized" : true,
                  "io_watcher_active" : true
               },
               "flags" : {
                  "dechunk_response" : true,
                  "https" : true,
                  "request_body_buffering" : false
               },
               "host" : "healthcare.univago.com",
               "http_major" : 1,
               "http_minor" : 1,
               "http_state" : "UPGRADED",
               "last_data_receive_time" : {
                  "local" : "Tue Jun 20 14:12:24 2017",
                  "relative" : "12s ago",
                  "relative_timestamp" : -12.324243068695068,
                  "timestamp" : 1497982344.5571129
               },
               "last_data_send_time" : {
                  "local" : "Tue Jun 20 14:12:36 2017",
                  "relative" : "0s ago",
                  "relative_timestamp" : -0.37127590179443359,
                  "timestamp" : 1497982356.5100801
               },
               "method" : "GET",
               "path" : "/cable",
               "refcount" : 1,
               "request_body_already_read" : 111,
               "request_body_fully_read" : false,
               "request_body_type" : "UPGRADE",
               "response_begun" : true,
               "session" : {
                  "gupid" : "17cf4e4-ua043fyPlO",
                  "pid" : 26738
               },
               "session_checkout_try" : 1,
               "started_at" : {
                  "local" : "Tue Jun 20 14:12:24 2017",
                  "relative" : "12s ago",
                  "relative_timestamp" : -12.38369607925415,
                  "timestamp" : 1497982344.4976721
               },
               "state" : "FORWARDING_BODY_TO_APP",
               "sticky_session" : false,
               "want_keep_alive" : false
            },
            "lingering_request_count" : 0,
            "name" : "1-6500",
            "number" : 6500,
            "output_channel_state" : {
               "bytes_buffered" : {
                  "bytes" : 0,
                  "human_readable" : "0 bytes"
               },
               "callback_in_progress" : false,
               "mode" : "IN_MEMORY_MODE",
               "nbuffers" : 0,
               "reader_state" : "RS_INACTIVE"
            },
            "refcount" : 2,
            "requests_begun" : 1
         },
         "1-6502" : {
            "connected_at" : {
               "local" : "Tue Jun 20 14:12:32 2017",
               "relative" : "4s ago",
               "relative_timestamp" : -4.6996428966522217,
               "timestamp" : 1497982352.1816931
            },
            "connection_state" : "ACTIVE",
            "current_request" : {
               "app_response_body_already_read" : {
                  "bytes" : 173,
                  "human_readable" : "173 bytes"
               },
               "app_response_body_fully_read" : false,
               "app_response_body_type" : "UPGRADE",
               "app_response_http_major" : 1,
               "app_response_http_minor" : 1,
               "app_response_http_state" : "UPGRADED",
               "app_response_want_keep_alive" : false,
               "app_sink_state" : {
                  "callback_in_progress" : false,
                  "initialized" : true,
                  "io_watcher_active" : false
               },
               "app_source_state" : {
                  "callback_in_progress" : false,
                  "initialized" : true,
                  "io_watcher_active" : true
               },
               "flags" : {
                  "dechunk_response" : true,
                  "https" : true,
                  "request_body_buffering" : false
               },
               "host" : "healthcare.univago.com",
               "http_major" : 1,
               "http_minor" : 1,
               "http_state" : "UPGRADED",
               "last_data_receive_time" : {
                  "local" : "Tue Jun 20 14:12:33 2017",
                  "relative" : "3s ago",
                  "relative_timestamp" : -3.4833846092224121,
                  "timestamp" : 1497982353.3978851
               },
               "last_data_send_time" : {
                  "local" : "Tue Jun 20 14:12:36 2017",
                  "relative" : "0s ago",
                  "relative_timestamp" : -0.59014606475830078,
                  "timestamp" : 1497982356.2911241
               },
               "method" : "GET",
               "path" : "/cable",
               "refcount" : 1,
               "request_body_already_read" : 111,
               "request_body_fully_read" : false,
               "request_body_type" : "UPGRADE",
               "response_begun" : true,
               "session" : {
                  "gupid" : "17cf4e4-NcVeljoqbP",
                  "pid" : 26784
               },
               "session_checkout_try" : 1,
               "started_at" : {
                  "local" : "Tue Jun 20 14:12:32 2017",
                  "relative" : "4s ago",
                  "relative_timestamp" : -4.6996428966522217,
                  "timestamp" : 1497982352.1816521
               },
               "state" : "FORWARDING_BODY_TO_APP",
               "sticky_session" : false,
               "want_keep_alive" : false
            },
            "lingering_request_count" : 0,
            "name" : "1-6502",
            "number" : 6502,
            "output_channel_state" : {
               "bytes_buffered" : {
                  "bytes" : 0,
                  "human_readable" : "0 bytes"
               },
               "callback_in_progress" : false,
               "mode" : "IN_MEMORY_MODE",
               "nbuffers" : 0,
               "reader_state" : "RS_INACTIVE"
            },
            "refcount" : 2,
            "requests_begun" : 1
         }
      },
      "client_accept_speed" : {
         "1h" : {
            "averaged_over" : "1 hour",
            "per" : "minute",
            "value" : 15.529999999999999
         },
         "1m" : {
            "averaged_over" : "1 minute",
            "per" : "minute",
            "value" : 20.870000000000001
         }
      },
      "disconnected_client_count" : 0,
      "disconnected_clients" : {},
      "free_client_count" : 126,
      "free_request_count" : 3,
      "mbuf_pool" : {
         "active_blocks" : 4,
         "active_memory" : {
            "bytes" : 16384,
            "human_readable" : "16.0 KB"
         },
         "chunk_size" : 4096,
         "free_blocks" : 8,
         "offset" : 4048,
         "spare_memory" : {
            "bytes" : 32768,
            "human_readable" : "32.0 KB"
         }
      },
      "peak_active_client_count" : 5,
      "pid" : 26105,
      "request_begin_speed" : {
         "1h" : {
            "averaged_over" : "1 hour",
            "per" : "minute",
            "value" : 15.529999999999999
         },
         "1m" : {
            "averaged_over" : "1 minute",
            "per" : "minute",
            "value" : 20.870000000000001
         }
      },
      "server_state" : "ACTIVE",
      "total_bytes_consumed" : 10495347,
      "total_clients_accepted" : 6502,
      "total_requests_begun" : 6502,
      "turbocaching" : {
         "fetches" : 0,
         "hit_ratio" : null,
         "hits" : 0,
         "store_success_ratio" : null,
         "store_successes" : 0,
         "stores" : 0
      }
   },
   "thread2" : {
      "active_client_count" : 3,
      "active_clients" : {
         "2-3813" : {
            "connected_at" : {
               "local" : "Tue Jun 20 10:54:58 2017",
               "relative" : "3h 17m 38s ago",
               "relative_timestamp" : -11858.190108060837,
               "timestamp" : 1497970498.691303
            },
            "connection_state" : "ACTIVE",
            "current_request" : {
               "app_response_body_already_read" : {
                  "bytes" : 150306,
                  "human_readable" : "146.8 KB"
               },
               "app_response_body_fully_read" : false,
               "app_response_body_type" : "UPGRADE",
               "app_response_http_major" : 1,
               "app_response_http_minor" : 1,
               "app_response_http_state" : "UPGRADED",
               "app_response_want_keep_alive" : false,
               "app_sink_state" : {
                  "callback_in_progress" : false,
                  "initialized" : true,
                  "io_watcher_active" : false
               },
               "app_source_state" : {
                  "callback_in_progress" : false,
                  "initialized" : true,
                  "io_watcher_active" : true
               },
               "flags" : {
                  "dechunk_response" : true,
                  "https" : true,
                  "request_body_buffering" : false
               },
               "host" : "healthcare.univago.com:8443",
               "http_major" : 1,
               "http_minor" : 1,
               "http_state" : "UPGRADED",
               "last_data_receive_time" : {
                  "local" : "Tue Jun 20 14:12:28 2017",
                  "relative" : "8s ago",
                  "relative_timestamp" : -8.83384108543396,
                  "timestamp" : 1497982348.0475309
               },
               "last_data_send_time" : {
                  "local" : "Tue Jun 20 14:12:36 2017",
                  "relative" : "0s ago",
                  "relative_timestamp" : -0.8415069580078125,
                  "timestamp" : 1497982356.039865
               },
               "method" : "GET",
               "path" : "/",
               "refcount" : 1,
               "request_body_already_read" : 31192,
               "request_body_fully_read" : false,
               "request_body_type" : "UPGRADE",
               "response_begun" : true,
               "session" : {
                  "gupid" : "17cf41e-R9uiL8HO3O",
                  "pid" : 11873
               },
               "session_checkout_try" : 1,
               "started_at" : {
                  "local" : "Tue Jun 20 10:54:58 2017",
                  "relative" : "3h 17m 38s ago",
                  "relative_timestamp" : -11858.190108060837,
                  "timestamp" : 1497970498.6912811
               },
               "state" : "FORWARDING_BODY_TO_APP",
               "sticky_session" : false,
               "want_keep_alive" : false
            },
            "lingering_request_count" : 0,
            "name" : "2-3813",
            "number" : 3813,
            "output_channel_state" : {
               "bytes_buffered" : {
                  "bytes" : 0,
                  "human_readable" : "0 bytes"
               },
               "callback_in_progress" : false,
               "mode" : "IN_MEMORY_MODE",
               "nbuffers" : 0,
               "reader_state" : "RS_INACTIVE"
            },
            "refcount" : 2,
            "requests_begun" : 1
         },
         "2-6498" : {
            "connected_at" : {
               "local" : "Tue Jun 20 14:12:22 2017",
               "relative" : "14s ago",
               "relative_timestamp" : -14.808995962142944,
               "timestamp" : 1497982342.072366
            },
            "connection_state" : "ACTIVE",
            "current_request" : {
               "app_response_body_already_read" : {
                  "bytes" : 287,
                  "human_readable" : "287 bytes"
               },
               "app_response_body_fully_read" : false,
               "app_response_body_type" : "UPGRADE",
               "app_response_http_major" : 1,
               "app_response_http_minor" : 1,
               "app_response_http_state" : "UPGRADED",
               "app_response_want_keep_alive" : false,
               "app_sink_state" : {
                  "callback_in_progress" : false,
                  "initialized" : true,
                  "io_watcher_active" : false
               },
               "app_source_state" : {
                  "callback_in_progress" : false,
                  "initialized" : true,
                  "io_watcher_active" : true
               },
               "flags" : {
                  "dechunk_response" : true,
                  "https" : true,
                  "request_body_buffering" : false
               },
               "host" : "healthcare.univago.com",
               "http_major" : 1,
               "http_minor" : 1,
               "http_state" : "UPGRADED",
               "last_data_receive_time" : {
                  "local" : "Tue Jun 20 14:12:22 2017",
                  "relative" : "14s ago",
                  "relative_timestamp" : -14.47932767868042,
                  "timestamp" : 1497982342.402003
               },
               "last_data_send_time" : {
                  "local" : "Tue Jun 20 14:12:34 2017",
                  "relative" : "2s ago",
                  "relative_timestamp" : -2.5770630836486816,
                  "timestamp" : 1497982354.3042679
               },
               "method" : "GET",
               "path" : "/cable",
               "refcount" : 1,
               "request_body_already_read" : 111,
               "request_body_fully_read" : false,
               "request_body_type" : "UPGRADE",
               "response_begun" : true,
               "session" : {
                  "gupid" : "17cf4e4-2PDzICjObn",
                  "pid" : 26723
               },
               "session_checkout_try" : 1,
               "started_at" : {
                  "local" : "Tue Jun 20 14:12:22 2017",
                  "relative" : "14s ago",
                  "relative_timestamp" : -14.808995962142944,
                  "timestamp" : 1497982342.0723469
               },
               "state" : "FORWARDING_BODY_TO_APP",
               "sticky_session" : false,
               "want_keep_alive" : false
            },
            "lingering_request_count" : 0,
            "name" : "2-6498",
            "number" : 6498,
            "output_channel_state" : {
               "bytes_buffered" : {
                  "bytes" : 0,
                  "human_readable" : "0 bytes"
               },
               "callback_in_progress" : false,
               "mode" : "IN_MEMORY_MODE",
               "nbuffers" : 0,
               "reader_state" : "RS_INACTIVE"
            },
            "refcount" : 2,
            "requests_begun" : 1
         },
         "2-6502" : {
            "connected_at" : {
               "local" : "Tue Jun 20 14:12:32 2017",
               "relative" : "4s ago",
               "relative_timestamp" : -4.5213711261749268,
               "timestamp" : 1497982352.359947
            },
            "connection_state" : "ACTIVE",
            "current_request" : {
               "app_sink_state" : {
                  "callback_in_progress" : false,
                  "initialized" : false,
                  "io_watcher_active" : false
               },
               "app_source_state" : {
                  "callback_in_progress" : true,
                  "initialized" : false,
                  "io_watcher_active" : false
               },
               "flags" : {
                  "dechunk_response" : true,
                  "https" : true,
                  "request_body_buffering" : false
               },
               "host" : "healthcare.univago.com",
               "http_major" : 1,
               "http_minor" : 1,
               "http_state" : "COMPLETE",
               "last_data_receive_time" : {
                  "local" : "Tue Jun 20 14:12:32 2017",
                  "relative" : "4s ago",
                  "relative_timestamp" : -4.5213711261749268,
                  "timestamp" : 1497982352.3598981
               },
               "last_data_send_time" : null,
               "method" : "GET",
               "path" : "/fetch_alerts?open=closed",
               "refcount" : 2,
               "request_body_already_read" : 0,
               "request_body_fully_read" : true,
               "request_body_type" : "NO_BODY",
               "response_begun" : false,
               "session_checkout_try" : 0,
               "started_at" : {
                  "local" : "Tue Jun 20 14:12:32 2017",
                  "relative" : "4s ago",
                  "relative_timestamp" : -4.5213711261749268,
                  "timestamp" : 1497982352.3599341
               },
               "state" : "CHECKING_OUT_SESSION",
               "sticky_session" : false,
               "want_keep_alive" : false
            },
            "lingering_request_count" : 0,
            "name" : "2-6502",
            "number" : 6502,
            "output_channel_state" : {
               "bytes_buffered" : {
                  "bytes" : 0,
                  "human_readable" : "0 bytes"
               },
               "callback_in_progress" : false,
               "mode" : "IN_MEMORY_MODE",
               "nbuffers" : 0,
               "reader_state" : "RS_INACTIVE"
            },
            "refcount" : 2,
            "requests_begun" : 1
         }
      },
      "client_accept_speed" : {
         "1h" : {
            "averaged_over" : "1 hour",
            "per" : "minute",
            "value" : 15.550000000000001
         },
         "1m" : {
            "averaged_over" : "1 minute",
            "per" : "minute",
            "value" : 21.670000000000002
         }
      },
      "disconnected_client_count" : 0,
      "disconnected_clients" : {},
      "free_client_count" : 125,
      "free_request_count" : 2,
      "mbuf_pool" : {
         "active_blocks" : 7,
         "active_memory" : {
            "bytes" : 28672,
            "human_readable" : "28.0 KB"
         },
         "chunk_size" : 4096,
         "free_blocks" : 5,
         "offset" : 4048,
         "spare_memory" : {
            "bytes" : 20480,
            "human_readable" : "20.0 KB"
         }
      },
      "peak_active_client_count" : 5,
      "pid" : 26105,
      "request_begin_speed" : {
         "1h" : {
            "averaged_over" : "1 hour",
            "per" : "minute",
            "value" : 15.550000000000001
         },
         "1m" : {
            "averaged_over" : "1 minute",
            "per" : "minute",
            "value" : 21.670000000000002
         }
      },
      "server_state" : "ACTIVE",
      "total_bytes_consumed" : 10416085,
      "total_clients_accepted" : 6502,
      "total_requests_begun" : 6502,
      "turbocaching" : {
         "fetches" : 0,
         "hit_ratio" : null,
         "hits" : 0,
         "store_success_ratio" : null,
         "store_successes" : 0,
         "stores" : 0
      }
   },
   "thread3" : {
      "active_client_count" : 2,
      "active_clients" : {
         "3-6497" : {
            "connected_at" : {
               "local" : "Tue Jun 20 14:12:18 2017",
               "relative" : "18s ago",
               "relative_timestamp" : -18.745563507080078,
               "timestamp" : 1497982338.135788
            },
            "connection_state" : "ACTIVE",
            "current_request" : {
               "app_response_body_already_read" : {
                  "bytes" : 363,
                  "human_readable" : "363 bytes"
               },
               "app_response_body_fully_read" : false,
               "app_response_body_type" : "UPGRADE",
               "app_response_http_major" : 1,
               "app_response_http_minor" : 1,
               "app_response_http_state" : "UPGRADED",
               "app_response_want_keep_alive" : false,
               "app_sink_state" : {
                  "callback_in_progress" : false,
                  "initialized" : true,
                  "io_watcher_active" : false
               },
               "app_source_state" : {
                  "callback_in_progress" : false,
                  "initialized" : true,
                  "io_watcher_active" : true
               },
               "flags" : {
                  "dechunk_response" : true,
                  "https" : true,
                  "request_body_buffering" : false
               },
               "host" : "healthcare.univago.com",
               "http_major" : 1,
               "http_minor" : 1,
               "http_state" : "UPGRADED",
               "last_data_receive_time" : {
                  "local" : "Tue Jun 20 14:12:18 2017",
                  "relative" : "18s ago",
                  "relative_timestamp" : -18.691683053970337,
                  "timestamp" : 1497982338.1896391
               },
               "last_data_send_time" : {
                  "local" : "Tue Jun 20 14:12:36 2017",
                  "relative" : "0s ago",
                  "relative_timestamp" : -0.73184490203857422,
                  "timestamp" : 1497982356.149477
               },
               "method" : "GET",
               "path" : "/cable",
               "refcount" : 1,
               "request_body_already_read" : 111,
               "request_body_fully_read" : false,
               "request_body_type" : "UPGRADE",
               "response_begun" : true,
               "session" : {
                  "gupid" : "17cf4e4-OiaNeO8vYM",
                  "pid" : 26700
               },
               "session_checkout_try" : 1,
               "started_at" : {
                  "local" : "Tue Jun 20 14:12:18 2017",
                  "relative" : "18s ago",
                  "relative_timestamp" : -18.745563507080078,
                  "timestamp" : 1497982338.135771
               },
               "state" : "FORWARDING_BODY_TO_APP",
               "sticky_session" : false,
               "want_keep_alive" : false
            },
            "lingering_request_count" : 0,
            "name" : "3-6497",
            "number" : 6497,
            "output_channel_state" : {
               "bytes_buffered" : {
                  "bytes" : 0,
                  "human_readable" : "0 bytes"
               },
               "callback_in_progress" : false,
               "mode" : "IN_MEMORY_MODE",
               "nbuffers" : 0,
               "reader_state" : "RS_INACTIVE"
            },
            "refcount" : 2,
            "requests_begun" : 1
         },
         "3-6502" : {
            "connected_at" : {
               "local" : "Tue Jun 20 14:12:32 2017",
               "relative" : "4s ago",
               "relative_timestamp" : -4.2230660915374756,
               "timestamp" : 1497982352.6582451
            },
            "connection_state" : "ACTIVE",
            "current_request" : {
               "app_sink_state" : {
                  "callback_in_progress" : false,
                  "initialized" : false,
                  "io_watcher_active" : false
               },
               "app_source_state" : {
                  "callback_in_progress" : true,
                  "initialized" : false,
                  "io_watcher_active" : false
               },
               "flags" : {
                  "dechunk_response" : true,
                  "https" : true,
                  "request_body_buffering" : false
               },
               "host" : "healthcare.univago.com",
               "http_major" : 1,
               "http_minor" : 1,
               "http_state" : "COMPLETE",
               "last_data_receive_time" : {
                  "local" : "Tue Jun 20 14:12:32 2017",
                  "relative" : "4s ago",
                  "relative_timestamp" : -4.2230660915374756,
                  "timestamp" : 1497982352.6582041
               },
               "last_data_send_time" : null,
               "method" : "GET",
               "path" : "/fetch_alerts?open=closed",
               "refcount" : 2,
               "request_body_already_read" : 0,
               "request_body_fully_read" : true,
               "request_body_type" : "NO_BODY",
               "response_begun" : false,
               "session_checkout_try" : 0,
               "started_at" : {
                  "local" : "Tue Jun 20 14:12:32 2017",
                  "relative" : "4s ago",
                  "relative_timestamp" : -4.2230660915374756,
                  "timestamp" : 1497982352.6582229
               },
               "state" : "CHECKING_OUT_SESSION",
               "sticky_session" : false,
               "want_keep_alive" : false
            },
            "lingering_request_count" : 0,
            "name" : "3-6502",
            "number" : 6502,
            "output_channel_state" : {
               "bytes_buffered" : {
                  "bytes" : 0,
                  "human_readable" : "0 bytes"
               },
               "callback_in_progress" : false,
               "mode" : "IN_MEMORY_MODE",
               "nbuffers" : 0,
               "reader_state" : "RS_INACTIVE"
            },
            "refcount" : 2,
            "requests_begun" : 1
         }
      },
      "client_accept_speed" : {
         "1h" : {
            "averaged_over" : "1 hour",
            "per" : "minute",
            "value" : 15.56
         },
         "1m" : {
            "averaged_over" : "1 minute",
            "per" : "minute",
            "value" : 22.120000000000001
         }
      },
      "disconnected_client_count" : 0,
      "disconnected_clients" : {},
      "free_client_count" : 126,
      "free_request_count" : 4,
      "mbuf_pool" : {
         "active_blocks" : 3,
         "active_memory" : {
            "bytes" : 12288,
            "human_readable" : "12.0 KB"
         },
         "chunk_size" : 4096,
         "free_blocks" : 13,
         "offset" : 4048,
         "spare_memory" : {
            "bytes" : 53248,
            "human_readable" : "52.0 KB"
         }
      },
      "peak_active_client_count" : 6,
      "pid" : 26105,
      "request_begin_speed" : {
         "1h" : {
            "averaged_over" : "1 hour",
            "per" : "minute",
            "value" : 15.56
         },
         "1m" : {
            "averaged_over" : "1 minute",
            "per" : "minute",
            "value" : 22.120000000000001
         }
      },
      "server_state" : "ACTIVE",
      "total_bytes_consumed" : 10549509,
      "total_clients_accepted" : 6502,
      "total_requests_begun" : 6502,
      "turbocaching" : {
         "fetches" : 0,
         "hit_ratio" : null,
         "hits" : 0,
         "store_success_ratio" : null,
         "store_successes" : 0,
         "stores" : 0
      }
   },
   "thread4" : {
      "active_client_count" : 3,
      "active_clients" : {
         "4-3813" : {
            "connected_at" : {
               "local" : "Tue Jun 20 10:54:59 2017",
               "relative" : "3h 17m 37s ago",
               "relative_timestamp" : -11857.60892701149,
               "timestamp" : 1497970499.272459
            },
            "connection_state" : "ACTIVE",
            "current_request" : {
               "app_response_body_already_read" : {
                  "bytes" : 150310,
                  "human_readable" : "146.8 KB"
               },
               "app_response_body_fully_read" : false,
               "app_response_body_type" : "UPGRADE",
               "app_response_http_major" : 1,
               "app_response_http_minor" : 1,
               "app_response_http_state" : "UPGRADED",
               "app_response_want_keep_alive" : false,
               "app_sink_state" : {
                  "callback_in_progress" : false,
                  "initialized" : true,
                  "io_watcher_active" : false
               },
               "app_source_state" : {
                  "callback_in_progress" : false,
                  "initialized" : true,
                  "io_watcher_active" : true
               },
               "flags" : {
                  "dechunk_response" : true,
                  "https" : true,
                  "request_body_buffering" : false
               },
               "host" : "healthcare.univago.com:8443",
               "http_major" : 1,
               "http_minor" : 1,
               "http_state" : "UPGRADED",
               "last_data_receive_time" : {
                  "local" : "Tue Jun 20 14:12:14 2017",
                  "relative" : "22s ago",
                  "relative_timestamp" : -22.195958852767944,
                  "timestamp" : 1497982334.6854
               },
               "last_data_send_time" : {
                  "local" : "Tue Jun 20 14:12:36 2017",
                  "relative" : "0s ago",
                  "relative_timestamp" : -0.84144020080566406,
                  "timestamp" : 1497982356.0399179
               },
               "method" : "GET",
               "path" : "/",
               "refcount" : 1,
               "request_body_already_read" : 31769,
               "request_body_fully_read" : false,
               "request_body_type" : "UPGRADE",
               "response_begun" : true,
               "session" : {
                  "gupid" : "17cf41e-R9uiL8HO3O",
                  "pid" : 11873
               },
               "session_checkout_try" : 1,
               "started_at" : {
                  "local" : "Tue Jun 20 10:54:59 2017",
                  "relative" : "3h 17m 37s ago",
                  "relative_timestamp" : -11857.60892701149,
                  "timestamp" : 1497970499.2724431
               },
               "state" : "FORWARDING_BODY_TO_APP",
               "sticky_session" : false,
               "want_keep_alive" : false
            },
            "lingering_request_count" : 0,
            "name" : "4-3813",
            "number" : 3813,
            "output_channel_state" : {
               "bytes_buffered" : {
                  "bytes" : 0,
                  "human_readable" : "0 bytes"
               },
               "callback_in_progress" : false,
               "mode" : "IN_MEMORY_MODE",
               "nbuffers" : 0,
               "reader_state" : "RS_INACTIVE"
            },
            "refcount" : 2,
            "requests_begun" : 1
         },
         "4-6501" : {
            "connected_at" : {
               "local" : "Tue Jun 20 14:12:29 2017",
               "relative" : "7s ago",
               "relative_timestamp" : -7.3350648880004883,
               "timestamp" : 1497982349.546284
            },
            "connection_state" : "ACTIVE",
            "current_request" : {
               "app_response_body_already_read" : {
                  "bytes" : 211,
                  "human_readable" : "211 bytes"
               },
               "app_response_body_fully_read" : false,
               "app_response_body_type" : "UPGRADE",
               "app_response_http_major" : 1,
               "app_response_http_minor" : 1,
               "app_response_http_state" : "UPGRADED",
               "app_response_want_keep_alive" : false,
               "app_sink_state" : {
                  "callback_in_progress" : false,
                  "initialized" : true,
                  "io_watcher_active" : false
               },
               "app_source_state" : {
                  "callback_in_progress" : false,
                  "initialized" : true,
                  "io_watcher_active" : true
               },
               "flags" : {
                  "dechunk_response" : true,
                  "https" : true,
                  "request_body_buffering" : false
               },
               "host" : "healthcare.univago.com",
               "http_major" : 1,
               "http_minor" : 1,
               "http_state" : "UPGRADED",
               "last_data_receive_time" : {
                  "local" : "Tue Jun 20 14:12:29 2017",
                  "relative" : "7s ago",
                  "relative_timestamp" : -7.265223503112793,
                  "timestamp" : 1497982349.6160941
               },
               "last_data_send_time" : {
                  "local" : "Tue Jun 20 14:12:35 2017",
                  "relative" : "1s ago",
                  "relative_timestamp" : -1.3235368728637695,
                  "timestamp" : 1497982355.557781
               },
               "method" : "GET",
               "path" : "/cable",
               "refcount" : 1,
               "request_body_already_read" : 111,
               "request_body_fully_read" : false,
               "request_body_type" : "UPGRADE",
               "response_begun" : true,
               "session" : {
                  "gupid" : "17cf4e4-rtM4ueQXNx",
                  "pid" : 26763
               },
               "session_checkout_try" : 1,
               "started_at" : {
                  "local" : "Tue Jun 20 14:12:29 2017",
                  "relative" : "7s ago",
                  "relative_timestamp" : -7.3350648880004883,
                  "timestamp" : 1497982349.5462661
               },
               "state" : "FORWARDING_BODY_TO_APP",
               "sticky_session" : false,
               "want_keep_alive" : false
            },
            "lingering_request_count" : 0,
            "name" : "4-6501",
            "number" : 6501,
            "output_channel_state" : {
               "bytes_buffered" : {
                  "bytes" : 0,
                  "human_readable" : "0 bytes"
               },
               "callback_in_progress" : false,
               "mode" : "IN_MEMORY_MODE",
               "nbuffers" : 0,
               "reader_state" : "RS_INACTIVE"
            },
            "refcount" : 2,
            "requests_begun" : 1
         },
         "4-6502" : {
            "connected_at" : {
               "local" : "Tue Jun 20 14:12:33 2017",
               "relative" : "3s ago",
               "relative_timestamp" : -3.6908159255981445,
               "timestamp" : 1497982353.190491
            },
            "connection_state" : "ACTIVE",
            "current_request" : {
               "app_sink_state" : {
                  "callback_in_progress" : false,
                  "initialized" : false,
                  "io_watcher_active" : false
               },
               "app_source_state" : {
                  "callback_in_progress" : true,
                  "initialized" : false,
                  "io_watcher_active" : false
               },
               "flags" : {
                  "dechunk_response" : true,
                  "https" : true,
                  "request_body_buffering" : false
               },
               "host" : "healthcare.univago.com",
               "http_major" : 1,
               "http_minor" : 1,
               "http_state" : "COMPLETE",
               "last_data_receive_time" : {
                  "local" : "Tue Jun 20 14:12:33 2017",
                  "relative" : "3s ago",
                  "relative_timestamp" : -3.6908159255981445,
                  "timestamp" : 1497982353.190455
               },
               "last_data_send_time" : null,
               "method" : "GET",
               "path" : "/fetch_alerts?open=closed",
               "refcount" : 2,
               "request_body_already_read" : 0,
               "request_body_fully_read" : true,
               "request_body_type" : "NO_BODY",
               "response_begun" : false,
               "session_checkout_try" : 0,
               "started_at" : {
                  "local" : "Tue Jun 20 14:12:33 2017",
                  "relative" : "3s ago",
                  "relative_timestamp" : -3.6908159255981445,
                  "timestamp" : 1497982353.1904731
               },
               "state" : "CHECKING_OUT_SESSION",
               "sticky_session" : false,
               "want_keep_alive" : false
            },
            "lingering_request_count" : 0,
            "name" : "4-6502",
            "number" : 6502,
            "output_channel_state" : {
               "bytes_buffered" : {
                  "bytes" : 0,
                  "human_readable" : "0 bytes"
               },
               "callback_in_progress" : false,
               "mode" : "IN_MEMORY_MODE",
               "nbuffers" : 0,
               "reader_state" : "RS_INACTIVE"
            },
            "refcount" : 2,
            "requests_begun" : 1
         }
      },
      "client_accept_speed" : {
         "1h" : {
            "averaged_over" : "1 hour",
            "per" : "minute",
            "value" : 15.57
         },
         "1m" : {
            "averaged_over" : "1 minute",
            "per" : "minute",
            "value" : 22.27
         }
      },
      "disconnected_client_count" : 0,
      "disconnected_clients" : {},
      "free_client_count" : 125,
      "free_request_count" : 3,
      "mbuf_pool" : {
         "active_blocks" : 7,
         "active_memory" : {
            "bytes" : 28672,
            "human_readable" : "28.0 KB"
         },
         "chunk_size" : 4096,
         "free_blocks" : 5,
         "offset" : 4048,
         "spare_memory" : {
            "bytes" : 20480,
            "human_readable" : "20.0 KB"
         }
      },
      "peak_active_client_count" : 6,
      "pid" : 26105,
      "request_begin_speed" : {
         "1h" : {
            "averaged_over" : "1 hour",
            "per" : "minute",
            "value" : 15.57
         },
         "1m" : {
            "averaged_over" : "1 minute",
            "per" : "minute",
            "value" : 22.27
         }
      },
      "server_state" : "ACTIVE",
      "total_bytes_consumed" : 10421321,
      "total_clients_accepted" : 6502,
      "total_requests_begun" : 6502,
      "turbocaching" : {
         "fetches" : 0,
         "hit_ratio" : null,
         "hits" : 0,
         "store_success_ratio" : null,
         "store_successes" : 0,
         "stores" : 0
      }
   },
   "threads" : 4
}
